#-----------------------------------------------------------
# Vivado v2019.2 (64-bit)
# SW Build 2708876 on Wed Nov  6 21:40:23 MST 2019
# IP Build 2700528 on Thu Nov  7 00:09:20 MST 2019
# Start of session at: Sat Apr 25 16:20:24 2020
# Process ID: 2724
# Current directory: C:/Users/jc170/Documents/Vivado Projects/Homebew_Console
# Command line: vivado.exe -gui_launcher_event rodinguilauncherevent13984 C:\Users\jc170\Documents\Vivado Projects\Homebew_Console\VGA_Controller.xpr
# Log file: C:/Users/jc170/Documents/Vivado Projects/Homebew_Console/vivado.log
# Journal file: C:/Users/jc170/Documents/Vivado Projects/Homebew_Console\vivado.jou
#-----------------------------------------------------------
start_gui
open_project {C:/Users/jc170/Documents/Vivado Projects/Homebew_Console/VGA_Controller.xpr}
INFO: [Project 1-313] Project file moved from 'C:/Users/jc170/Desktop/Homebew_Console-master' since last save.
WARNING: [Project 1-312] File not found as 'C:/Users/jc170/Documents/Documents/Vivado Projects/7seg_controller/7seg_controller.srcs/sources_1/new/seven_segment.v'; using path 'C:/Users/jc170/Documents/Vivado Projects/7seg_controller/7seg_controller.srcs/sources_1/new/seven_segment.v' instead.
Scanning sources...
Finished scanning sources
WARNING: [Project 1-312] File not found as 'C:/Users/jc170/Documents/Documents/Vivado Projects/7seg_controller/7seg_controller.srcs/sources_1/new/seven_segment.v'; using path 'C:/Users/jc170/Documents/Vivado Projects/7seg_controller/7seg_controller.srcs/sources_1/new/seven_segment.v' instead.
WARNING: [Project 1-312] File not found as 'C:/Users/jc170/Documents/Documents/Vivado Projects/7seg_controller/7seg_controller.srcs/sources_1/new/seven_segment.v'; using path 'C:/Users/jc170/Documents/Vivado Projects/7seg_controller/7seg_controller.srcs/sources_1/new/seven_segment.v' instead.
WARNING: [filemgmt 56-3] IP Output Repository Path: Could not find the directory 'C:/Users/jc170/Documents/Vivado Projects/Homebew_Console/VGA_Controller.cache/ip'.
INFO: [IP_Flow 19-234] Refreshing IP repositories
INFO: [IP_Flow 19-1704] No user IP repositories specified
INFO: [IP_Flow 19-2313] Loaded Vivado IP repository 'C:/Xilinx/Vivado/2019.2/data/ip'.
open_project: Time (s): cpu = 00:00:14 ; elapsed = 00:00:06 . Memory (MB): peak = 800.781 ; gain = 121.348
update_compile_order -fileset sources_1
reset_run impl_1 -prev_step 
launch_runs impl_1 -to_step write_bitstream -jobs 4
[Sat Apr 25 16:21:00 2020] Launched impl_1...
Run output will be captured here: C:/Users/jc170/Documents/Vivado Projects/Homebew_Console/VGA_Controller.runs/impl_1/runme.log
open_hw_manager
connect_hw_server -allow_non_jtag
INFO: [Labtools 27-2285] Connecting to hw_server url TCP:localhost:3121
INFO: [Labtools 27-2222] Launching hw_server...
INFO: [Labtools 27-2221] Launch Output:

****** Xilinx hw_server v2019.2
  **** Build date : Nov  6 2019 at 22:12:23
    ** Copyright 1986-2019 Xilinx, Inc. All Rights Reserved.


INFO: [Labtools 27-3415] Connecting to cs_server url TCP:localhost:3042
INFO: [Labtools 27-3417] Launching cs_server...
INFO: [Labtools 27-2221] Launch Output:


****** Xilinx cs_server v2019.2.0
  **** Build date : Nov 07 2019-00:28:22
    ** Copyright 2017-2019 Xilinx, Inc. All Rights Reserved.



connect_hw_server: Time (s): cpu = 00:00:02 ; elapsed = 00:00:09 . Memory (MB): peak = 894.289 ; gain = 19.820
open_hw_target
INFO: [Labtoolstcl 44-466] Opening hw_target localhost:3121/xilinx_tcf/Digilent/210183ACAD48A
set_property PROGRAM.FILE {C:/Users/jc170/Documents/Vivado Projects/Homebew_Console/VGA_Controller.runs/impl_1/top.bit} [get_hw_devices xc7a35t_0]
current_hw_device [get_hw_devices xc7a35t_0]
refresh_hw_device -update_hw_probes false [lindex [get_hw_devices xc7a35t_0] 0]
INFO: [Labtools 27-1434] Device xc7a35t (JTAG device index = 0) is programmed with a design that has no supported debug core(s) in it.
set_property PROBES.FILE {} [get_hw_devices xc7a35t_0]
set_property FULL_PROBES.FILE {} [get_hw_devices xc7a35t_0]
set_property PROGRAM.FILE {C:/Users/jc170/Documents/Vivado Projects/Homebew_Console/VGA_Controller.runs/impl_1/top.bit} [get_hw_devices xc7a35t_0]
program_hw_devices [get_hw_devices xc7a35t_0]
INFO: [Labtools 27-3164] End of startup status: HIGH
refresh_hw_device [lindex [get_hw_devices xc7a35t_0] 0]
INFO: [Labtools 27-1434] Device xc7a35t (JTAG device index = 0) is programmed with a design that has no supported debug core(s) in it.
exit
INFO: [Common 17-206] Exiting Vivado at Sat Apr 25 16:22:47 2020...
