Copyright 1986-2019 Xilinx, Inc. All Rights Reserved.
-----------------------------------------------------------------------------------------------------------------------------------------------------------------------------------------------------
| Tool Version : Vivado v.2019.2 (win64) Build 2708876 Wed Nov  6 21:40:23 MST 2019
| Date         : Mon May  4 18:26:40 2020
| Host         : DESKTOP-6IO763U running 64-bit major release  (build 9200)
| Command      : report_timing_summary -max_paths 10 -file system_top_timing_summary_routed.rpt -pb system_top_timing_summary_routed.pb -rpx system_top_timing_summary_routed.rpx -warn_on_violation
| Design       : system_top
| Device       : 7a35t-cpg236
| Speed File   : -1  PRODUCTION 1.23 2018-06-13
-----------------------------------------------------------------------------------------------------------------------------------------------------------------------------------------------------

Timing Summary Report

------------------------------------------------------------------------------------------------
| Timer Settings
| --------------
------------------------------------------------------------------------------------------------

  Enable Multi Corner Analysis               :  Yes
  Enable Pessimism Removal                   :  Yes
  Pessimism Removal Resolution               :  Nearest Common Node
  Enable Input Delay Default Clock           :  No
  Enable Preset / Clear Arcs                 :  No
  Disable Flight Delays                      :  No
  Ignore I/O Paths                           :  No
  Timing Early Launch at Borrowing Latches   :  No
  Borrow Time for Max Delay Exceptions       :  Yes
  Merge Timing Exceptions                    :  Yes

  Corner  Analyze    Analyze    
  Name    Max Paths  Min Paths  
  ------  ---------  ---------  
  Slow    Yes        Yes        
  Fast    Yes        Yes        



check_timing report

Table of Contents
-----------------
1. checking no_clock
2. checking constant_clock
3. checking pulse_width_clock
4. checking unconstrained_internal_endpoints
5. checking no_input_delay
6. checking no_output_delay
7. checking multiple_clock
8. checking generated_clocks
9. checking loops
10. checking partial_input_delay
11. checking partial_output_delay
12. checking latch_loops

1. checking no_clock
--------------------
 There are 19 register/latch pins with no clock driven by root clock pin: sw (HIGH)

 There is 1 register/latch pin with no clock driven by root clock pin: clk_div/tff1/Q_reg/Q (HIGH)

 There are 822 register/latch pins with no clock driven by root clock pin: clk_div/tff2/Q_reg/Q (HIGH)

 There are 12 register/latch pins with no clock driven by root clock pin: console_ppu/hvcount/hcounter_reg[0]/Q (HIGH)

 There are 12 register/latch pins with no clock driven by root clock pin: console_ppu/hvcount/hcounter_reg[1]/Q (HIGH)

 There are 12 register/latch pins with no clock driven by root clock pin: console_ppu/hvcount/hcounter_reg[2]/Q (HIGH)

 There are 12 register/latch pins with no clock driven by root clock pin: console_ppu/hvcount/hcounter_reg[3]/Q (HIGH)

 There are 12 register/latch pins with no clock driven by root clock pin: console_ppu/hvcount/hcounter_reg[4]/Q (HIGH)

 There are 12 register/latch pins with no clock driven by root clock pin: console_ppu/hvcount/hcounter_reg[5]/Q (HIGH)

 There are 12 register/latch pins with no clock driven by root clock pin: console_ppu/hvcount/hcounter_reg[6]/Q (HIGH)

 There are 12 register/latch pins with no clock driven by root clock pin: console_ppu/hvcount/hcounter_reg[7]/Q (HIGH)

 There are 12 register/latch pins with no clock driven by root clock pin: console_ppu/hvcount/hcounter_reg[8]/Q (HIGH)

 There are 12 register/latch pins with no clock driven by root clock pin: console_ppu/hvcount/hcounter_reg[9]/Q (HIGH)

 There are 12 register/latch pins with no clock driven by root clock pin: console_ppu/hvcount/vcounter_reg[0]/Q (HIGH)

 There are 12 register/latch pins with no clock driven by root clock pin: console_ppu/hvcount/vcounter_reg[1]/Q (HIGH)

 There are 12 register/latch pins with no clock driven by root clock pin: console_ppu/hvcount/vcounter_reg[2]/Q (HIGH)

 There are 12 register/latch pins with no clock driven by root clock pin: console_ppu/hvcount/vcounter_reg[3]/Q (HIGH)

 There are 12 register/latch pins with no clock driven by root clock pin: console_ppu/hvcount/vcounter_reg[4]/Q (HIGH)

 There are 12 register/latch pins with no clock driven by root clock pin: console_ppu/hvcount/vcounter_reg[5]/Q (HIGH)

 There are 12 register/latch pins with no clock driven by root clock pin: console_ppu/hvcount/vcounter_reg[6]/Q (HIGH)

 There are 12 register/latch pins with no clock driven by root clock pin: console_ppu/hvcount/vcounter_reg[7]/Q (HIGH)

 There are 12 register/latch pins with no clock driven by root clock pin: console_ppu/hvcount/vcounter_reg[8]/Q (HIGH)

 There are 12 register/latch pins with no clock driven by root clock pin: console_ppu/hvcount/vcounter_reg[9]/Q (HIGH)

 There are 19 register/latch pins with no clock driven by root clock pin: ctrl/clkdiv/counter_reg[10]/Q (HIGH)

 There are 19 register/latch pins with no clock driven by root clock pin: ctrl/clkdiv/counter_reg[11]/Q (HIGH)

 There are 19 register/latch pins with no clock driven by root clock pin: ctrl/clkdiv/counter_reg[12]/Q (HIGH)

 There are 19 register/latch pins with no clock driven by root clock pin: ctrl/clkdiv/counter_reg[13]/Q (HIGH)

 There are 19 register/latch pins with no clock driven by root clock pin: ctrl/clkdiv/counter_reg[14]/Q (HIGH)

 There are 19 register/latch pins with no clock driven by root clock pin: ctrl/clkdiv/counter_reg[15]/Q (HIGH)

 There are 19 register/latch pins with no clock driven by root clock pin: ctrl/clkdiv/counter_reg[16]/Q (HIGH)

 There are 19 register/latch pins with no clock driven by root clock pin: ctrl/clkdiv/counter_reg[17]/Q (HIGH)

 There are 19 register/latch pins with no clock driven by root clock pin: ctrl/clkdiv/counter_reg[18]/Q (HIGH)

 There are 19 register/latch pins with no clock driven by root clock pin: ctrl/clkdiv/counter_reg[19]/Q (HIGH)

 There are 19 register/latch pins with no clock driven by root clock pin: ctrl/clkdiv/counter_reg[1]/Q (HIGH)

 There are 19 register/latch pins with no clock driven by root clock pin: ctrl/clkdiv/counter_reg[20]/Q (HIGH)

 There are 19 register/latch pins with no clock driven by root clock pin: ctrl/clkdiv/counter_reg[21]/Q (HIGH)

 There are 19 register/latch pins with no clock driven by root clock pin: ctrl/clkdiv/counter_reg[22]/Q (HIGH)

 There are 19 register/latch pins with no clock driven by root clock pin: ctrl/clkdiv/counter_reg[23]/Q (HIGH)

 There are 19 register/latch pins with no clock driven by root clock pin: ctrl/clkdiv/counter_reg[24]/Q (HIGH)

 There are 19 register/latch pins with no clock driven by root clock pin: ctrl/clkdiv/counter_reg[25]/Q (HIGH)

 There are 19 register/latch pins with no clock driven by root clock pin: ctrl/clkdiv/counter_reg[26]/Q (HIGH)

 There are 19 register/latch pins with no clock driven by root clock pin: ctrl/clkdiv/counter_reg[27]/Q (HIGH)

 There are 19 register/latch pins with no clock driven by root clock pin: ctrl/clkdiv/counter_reg[2]/Q (HIGH)

 There are 19 register/latch pins with no clock driven by root clock pin: ctrl/clkdiv/counter_reg[3]/Q (HIGH)

 There are 19 register/latch pins with no clock driven by root clock pin: ctrl/clkdiv/counter_reg[4]/Q (HIGH)

 There are 19 register/latch pins with no clock driven by root clock pin: ctrl/clkdiv/counter_reg[5]/Q (HIGH)

 There are 19 register/latch pins with no clock driven by root clock pin: ctrl/clkdiv/counter_reg[6]/Q (HIGH)

 There are 19 register/latch pins with no clock driven by root clock pin: ctrl/clkdiv/counter_reg[7]/Q (HIGH)

 There are 19 register/latch pins with no clock driven by root clock pin: ctrl/clkdiv/counter_reg[8]/Q (HIGH)

 There are 19 register/latch pins with no clock driven by root clock pin: ctrl/clkdiv/counter_reg[9]/Q (HIGH)

 There are 12 register/latch pins with no clock driven by root clock pin: ctrl/enable_snes_clk_output_reg/Q (HIGH)

 There are 717 register/latch pins with no clock driven by root clock pin: wvb_int/jk/q_reg/Q (HIGH)


2. checking constant_clock
--------------------------
 There are 0 register/latch pins with constant_clock.


3. checking pulse_width_clock
-----------------------------
 There are 0 register/latch pins which need pulse_width check


4. checking unconstrained_internal_endpoints
--------------------------------------------
 There are 2378 pins that are not constrained for maximum delay. (HIGH)

 There are 0 pins that are not constrained for maximum delay due to constant clock.


5. checking no_input_delay
--------------------------
 There is 1 input port with no input delay specified. (HIGH)

 There are 0 input ports with no input delay but user has a false path constraint.


6. checking no_output_delay
---------------------------
 There are 28 ports with no output delay specified. (HIGH)

 There are 0 ports with no output delay but user has a false path constraint

 There are 0 ports with no output delay but with a timing clock defined on it or propagating through it


7. checking multiple_clock
--------------------------
 There are 0 register/latch pins with multiple clocks.


8. checking generated_clocks
----------------------------
 There are 0 generated clocks that are not connected to a clock source.


9. checking loops
-----------------
 There are 0 combinational loops in the design.


10. checking partial_input_delay
--------------------------------
 There are 0 input ports with partial input delay specified.


11. checking partial_output_delay
---------------------------------
 There are 0 ports with partial output delay specified.


12. checking latch_loops
------------------------
 There are 0 combinational latch loops in the design through latch input



------------------------------------------------------------------------------------------------
| Design Timing Summary
| ---------------------
------------------------------------------------------------------------------------------------

    WNS(ns)      TNS(ns)  TNS Failing Endpoints  TNS Total Endpoints      WHS(ns)      THS(ns)  THS Failing Endpoints  THS Total Endpoints     WPWS(ns)     TPWS(ns)  TPWS Failing Endpoints  TPWS Total Endpoints  
    -------      -------  ---------------------  -------------------      -------      -------  ---------------------  -------------------     --------     --------  ----------------------  --------------------  
      8.613        0.000                      0                    1        0.382        0.000                      0                    1        4.500        0.000                       0                     2  


All user specified timing constraints are met.


------------------------------------------------------------------------------------------------
| Clock Summary
| -------------
------------------------------------------------------------------------------------------------

Clock        Waveform(ns)       Period(ns)      Frequency(MHz)
-----        ------------       ----------      --------------
sys_clk_pin  {0.000 5.000}      10.000          100.000         


------------------------------------------------------------------------------------------------
| Intra Clock Table
| -----------------
------------------------------------------------------------------------------------------------

Clock             WNS(ns)      TNS(ns)  TNS Failing Endpoints  TNS Total Endpoints      WHS(ns)      THS(ns)  THS Failing Endpoints  THS Total Endpoints     WPWS(ns)     TPWS(ns)  TPWS Failing Endpoints  TPWS Total Endpoints  
-----             -------      -------  ---------------------  -------------------      -------      -------  ---------------------  -------------------     --------     --------  ----------------------  --------------------  
sys_clk_pin         8.613        0.000                      0                    1        0.382        0.000                      0                    1        4.500        0.000                       0                     2  


------------------------------------------------------------------------------------------------
| Inter Clock Table
| -----------------
------------------------------------------------------------------------------------------------

From Clock    To Clock          WNS(ns)      TNS(ns)  TNS Failing Endpoints  TNS Total Endpoints      WHS(ns)      THS(ns)  THS Failing Endpoints  THS Total Endpoints  
----------    --------          -------      -------  ---------------------  -------------------      -------      -------  ---------------------  -------------------  


------------------------------------------------------------------------------------------------
| Other Path Groups Table
| -----------------------
------------------------------------------------------------------------------------------------

Path Group    From Clock    To Clock          WNS(ns)      TNS(ns)  TNS Failing Endpoints  TNS Total Endpoints      WHS(ns)      THS(ns)  THS Failing Endpoints  THS Total Endpoints  
----------    ----------    --------          -------      -------  ---------------------  -------------------      -------      -------  ---------------------  -------------------  


------------------------------------------------------------------------------------------------
| Timing Details
| --------------
------------------------------------------------------------------------------------------------


---------------------------------------------------------------------------------------------------
From Clock:  sys_clk_pin
  To Clock:  sys_clk_pin

Setup :            0  Failing Endpoints,  Worst Slack        8.613ns,  Total Violation        0.000ns
Hold  :            0  Failing Endpoints,  Worst Slack        0.382ns,  Total Violation        0.000ns
PW    :            0  Failing Endpoints,  Worst Slack        4.500ns,  Total Violation        0.000ns
---------------------------------------------------------------------------------------------------


Max Delay Paths
--------------------------------------------------------------------------------------
Slack (MET) :             8.613ns  (required time - arrival time)
  Source:                 clk_div/tff1/Q_reg/C
                            (rising edge-triggered cell FDRE clocked by sys_clk_pin  {rise@0.000ns fall@5.000ns period=10.000ns})
  Destination:            clk_div/tff1/Q_reg/D
                            (rising edge-triggered cell FDRE clocked by sys_clk_pin  {rise@0.000ns fall@5.000ns period=10.000ns})
  Path Group:             sys_clk_pin
  Path Type:              Setup (Max at Slow Process Corner)
  Requirement:            10.000ns  (sys_clk_pin rise@10.000ns - sys_clk_pin rise@0.000ns)
  Data Path Delay:        1.381ns  (logic 0.580ns (42.011%)  route 0.801ns (57.990%))
  Logic Levels:           1  (LUT1=1)
  Clock Path Skew:        0.000ns (DCD - SCD + CPR)
    Destination Clock Delay (DCD):    4.786ns = ( 14.786 - 10.000 ) 
    Source Clock Delay      (SCD):    5.086ns
    Clock Pessimism Removal (CPR):    0.300ns
  Clock Uncertainty:      0.035ns  ((TSJ^2 + TIJ^2)^1/2 + DJ) / 2 + PE
    Total System Jitter     (TSJ):    0.071ns
    Total Input Jitter      (TIJ):    0.000ns
    Discrete Jitter          (DJ):    0.000ns
    Phase Error              (PE):    0.000ns

    Location             Delay type                Incr(ns)  Path(ns)    Netlist Resource(s)
  -------------------------------------------------------------------    -------------------
                         (clock sys_clk_pin rise edge)
                                                      0.000     0.000 r  
    W5                                                0.000     0.000 r  sys_clk (IN)
                         net (fo=0)                   0.000     0.000    sys_clk
    W5                   IBUF (Prop_ibuf_I_O)         1.458     1.458 r  sys_clk_IBUF_inst/O
                         net (fo=1, routed)           1.967     3.425    sys_clk_IBUF
    BUFGCTRL_X0Y2        BUFG (Prop_bufg_I_O)         0.096     3.521 r  sys_clk_IBUF_BUFG_inst/O
                         net (fo=1, routed)           1.565     5.086    clk_div/tff1/sys_clk_IBUF_BUFG
    SLICE_X36Y46         FDRE                                         r  clk_div/tff1/Q_reg/C
  -------------------------------------------------------------------    -------------------
    SLICE_X36Y46         FDRE (Prop_fdre_C_Q)         0.456     5.542 f  clk_div/tff1/Q_reg/Q
                         net (fo=2, routed)           0.801     6.343    clk_div/tff1/clk__0
    SLICE_X36Y46         LUT1 (Prop_lut1_I0_O)        0.124     6.467 r  clk_div/tff1/Q_i_1__3/O
                         net (fo=1, routed)           0.000     6.467    clk_div/tff1/Q_i_1__3_n_0
    SLICE_X36Y46         FDRE                                         r  clk_div/tff1/Q_reg/D
  -------------------------------------------------------------------    -------------------

                         (clock sys_clk_pin rise edge)
                                                     10.000    10.000 r  
    W5                                                0.000    10.000 r  sys_clk (IN)
                         net (fo=0)                   0.000    10.000    sys_clk
    W5                   IBUF (Prop_ibuf_I_O)         1.388    11.388 r  sys_clk_IBUF_inst/O
                         net (fo=1, routed)           1.862    13.250    sys_clk_IBUF
    BUFGCTRL_X0Y2        BUFG (Prop_bufg_I_O)         0.091    13.341 r  sys_clk_IBUF_BUFG_inst/O
                         net (fo=1, routed)           1.445    14.786    clk_div/tff1/sys_clk_IBUF_BUFG
    SLICE_X36Y46         FDRE                                         r  clk_div/tff1/Q_reg/C
                         clock pessimism              0.300    15.086    
                         clock uncertainty           -0.035    15.051    
    SLICE_X36Y46         FDRE (Setup_fdre_C_D)        0.029    15.080    clk_div/tff1/Q_reg
  -------------------------------------------------------------------
                         required time                         15.080    
                         arrival time                          -6.467    
  -------------------------------------------------------------------
                         slack                                  8.613    





Min Delay Paths
--------------------------------------------------------------------------------------
Slack (MET) :             0.382ns  (arrival time - required time)
  Source:                 clk_div/tff1/Q_reg/C
                            (rising edge-triggered cell FDRE clocked by sys_clk_pin  {rise@0.000ns fall@5.000ns period=10.000ns})
  Destination:            clk_div/tff1/Q_reg/D
                            (rising edge-triggered cell FDRE clocked by sys_clk_pin  {rise@0.000ns fall@5.000ns period=10.000ns})
  Path Group:             sys_clk_pin
  Path Type:              Hold (Min at Fast Process Corner)
  Requirement:            0.000ns  (sys_clk_pin rise@0.000ns - sys_clk_pin rise@0.000ns)
  Data Path Delay:        0.473ns  (logic 0.186ns (39.356%)  route 0.287ns (60.644%))
  Logic Levels:           1  (LUT1=1)
  Clock Path Skew:        0.000ns (DCD - SCD - CPR)
    Destination Clock Delay (DCD):    1.959ns
    Source Clock Delay      (SCD):    1.446ns
    Clock Pessimism Removal (CPR):    0.513ns

    Location             Delay type                Incr(ns)  Path(ns)    Netlist Resource(s)
  -------------------------------------------------------------------    -------------------
                         (clock sys_clk_pin rise edge)
                                                      0.000     0.000 r  
    W5                                                0.000     0.000 r  sys_clk (IN)
                         net (fo=0)                   0.000     0.000    sys_clk
    W5                   IBUF (Prop_ibuf_I_O)         0.226     0.226 r  sys_clk_IBUF_inst/O
                         net (fo=1, routed)           0.631     0.858    sys_clk_IBUF
    BUFGCTRL_X0Y2        BUFG (Prop_bufg_I_O)         0.026     0.884 r  sys_clk_IBUF_BUFG_inst/O
                         net (fo=1, routed)           0.563     1.446    clk_div/tff1/sys_clk_IBUF_BUFG
    SLICE_X36Y46         FDRE                                         r  clk_div/tff1/Q_reg/C
  -------------------------------------------------------------------    -------------------
    SLICE_X36Y46         FDRE (Prop_fdre_C_Q)         0.141     1.587 f  clk_div/tff1/Q_reg/Q
                         net (fo=2, routed)           0.287     1.874    clk_div/tff1/clk__0
    SLICE_X36Y46         LUT1 (Prop_lut1_I0_O)        0.045     1.919 r  clk_div/tff1/Q_i_1__3/O
                         net (fo=1, routed)           0.000     1.919    clk_div/tff1/Q_i_1__3_n_0
    SLICE_X36Y46         FDRE                                         r  clk_div/tff1/Q_reg/D
  -------------------------------------------------------------------    -------------------

                         (clock sys_clk_pin rise edge)
                                                      0.000     0.000 r  
    W5                                                0.000     0.000 r  sys_clk (IN)
                         net (fo=0)                   0.000     0.000    sys_clk
    W5                   IBUF (Prop_ibuf_I_O)         0.414     0.414 r  sys_clk_IBUF_inst/O
                         net (fo=1, routed)           0.685     1.099    sys_clk_IBUF
    BUFGCTRL_X0Y2        BUFG (Prop_bufg_I_O)         0.029     1.128 r  sys_clk_IBUF_BUFG_inst/O
                         net (fo=1, routed)           0.832     1.959    clk_div/tff1/sys_clk_IBUF_BUFG
    SLICE_X36Y46         FDRE                                         r  clk_div/tff1/Q_reg/C
                         clock pessimism             -0.513     1.446    
    SLICE_X36Y46         FDRE (Hold_fdre_C_D)         0.091     1.537    clk_div/tff1/Q_reg
  -------------------------------------------------------------------
                         required time                         -1.537    
                         arrival time                           1.919    
  -------------------------------------------------------------------
                         slack                                  0.382    





Pulse Width Checks
--------------------------------------------------------------------------------------
Clock Name:         sys_clk_pin
Waveform(ns):       { 0.000 5.000 }
Period(ns):         10.000
Sources:            { sys_clk }

Check Type        Corner  Lib Pin  Reference Pin  Required(ns)  Actual(ns)  Slack(ns)  Location       Pin
Min Period        n/a     BUFG/I   n/a            2.155         10.000      7.845      BUFGCTRL_X0Y2  sys_clk_IBUF_BUFG_inst/I
Min Period        n/a     FDRE/C   n/a            1.000         10.000      9.000      SLICE_X36Y46   clk_div/tff1/Q_reg/C
Low Pulse Width   Slow    FDRE/C   n/a            0.500         5.000       4.500      SLICE_X36Y46   clk_div/tff1/Q_reg/C
Low Pulse Width   Fast    FDRE/C   n/a            0.500         5.000       4.500      SLICE_X36Y46   clk_div/tff1/Q_reg/C
High Pulse Width  Fast    FDRE/C   n/a            0.500         5.000       4.500      SLICE_X36Y46   clk_div/tff1/Q_reg/C
High Pulse Width  Slow    FDRE/C   n/a            0.500         5.000       4.500      SLICE_X36Y46   clk_div/tff1/Q_reg/C



