Copyright 1986-2019 Xilinx, Inc. All Rights Reserved.
------------------------------------------------------------------------------------------------
| Tool Version : Vivado v.2019.2 (win64) Build 2708876 Wed Nov  6 21:40:23 MST 2019
| Date         : Sun Apr 26 15:43:32 2020
| Host         : DESKTOP-6IO763U running 64-bit major release  (build 9200)
| Command      : report_drc -file top_drc_opted.rpt -pb top_drc_opted.pb -rpx top_drc_opted.rpx
| Design       : top
| Device       : xc7a35tcpg236-1
| Speed File   : -1
| Design State : Synthesized
------------------------------------------------------------------------------------------------

Report DRC

Table of Contents
-----------------
1. REPORT SUMMARY
2. REPORT DETAILS

1. REPORT SUMMARY
-----------------
            Netlist: netlist
          Floorplan: design_1
      Design limits: <entire design considered>
           Ruledeck: default
             Max violations: <unlimited>
             Violations found: 5
+-------------+----------+-------------------------------------------------------------+------------+
| Rule        | Severity | Description                                                 | Violations |
+-------------+----------+-------------------------------------------------------------+------------+
| CFGBVS-1    | Warning  | Missing CFGBVS and CONFIG_VOLTAGE Design Properties         | 1          |
| PLHOLDVIO-2 | Warning  | Non-Optimal connections which could lead to hold violations | 4          |
+-------------+----------+-------------------------------------------------------------+------------+

2. REPORT DETAILS
-----------------
CFGBVS-1#1 Warning
Missing CFGBVS and CONFIG_VOLTAGE Design Properties  
Neither the CFGBVS nor CONFIG_VOLTAGE voltage property is set in the current_design.  Configuration bank voltage select (CFGBVS) must be set to VCCO or GND, and CONFIG_VOLTAGE must be set to the correct configuration voltage, in order to determine the I/O voltage support for the pins in bank 0.  It is suggested to specify these either using the 'Edit Device Properties' function in the GUI or directly in the XDC file using the following syntax:

 set_property CFGBVS value1 [current_design]
 #where value1 is either VCCO or GND

 set_property CONFIG_VOLTAGE value2 [current_design]
 #where value2 is the voltage provided to configuration bank 0

Refer to the device configuration user guide for more information.
Related violations: <none>

PLHOLDVIO-2#1 Warning
Non-Optimal connections which could lead to hold violations  
A LUT clkdiv/counter[4]_i_2 is driving clock pin of 7 cells. This could lead to large hold time violations. Involved cells are:
counter_reg[0], counter_reg[1], counter_reg[2], counter_reg[3], counter_reg[4], enable_snes_clk_output_reg, snes_latch_reg
Related violations: <none>

PLHOLDVIO-2#2 Warning
Non-Optimal connections which could lead to hold violations  
A LUT clkdiv/snes_clk_OBUF_inst_i_1 is driving clock pin of 12 cells. This could lead to large hold time violations. Involved cells are:
snes_data_reg[0], snes_data_reg[10], snes_data_reg[11], snes_data_reg[1], snes_data_reg[2], snes_data_reg[3], snes_data_reg[4], snes_data_reg[5], snes_data_reg[6], snes_data_reg[7], snes_data_reg[8], snes_data_reg[9]
Related violations: <none>

PLHOLDVIO-2#3 Warning
Non-Optimal connections which could lead to hold violations  
A LUT displayed_sprite[2]_i_2 is driving clock pin of 3 cells. This could lead to large hold time violations. Involved cells are:
displayed_sprite_reg[0], displayed_sprite_reg[1], displayed_sprite_reg[2]
Related violations: <none>

PLHOLDVIO-2#4 Warning
Non-Optimal connections which could lead to hold violations  
A LUT ppu/hvcount/sprite_y[8]_i_3 is driving clock pin of 9 cells. This could lead to large hold time violations. Involved cells are:
sprite_y_reg[0], sprite_y_reg[1], sprite_y_reg[2], sprite_y_reg[3], sprite_y_reg[4], sprite_y_reg[5], sprite_y_reg[6], sprite_y_reg[7], sprite_y_reg[8]
Related violations: <none>


