Copyright 1986-2019 Xilinx, Inc. All Rights Reserved.
------------------------------------------------------------------------------------
| Tool Version : Vivado v.2019.2 (win64) Build 2708876 Wed Nov  6 21:40:23 MST 2019
| Date         : Sun Apr 26 17:33:56 2020
| Host         : DESKTOP-6IO763U running 64-bit major release  (build 9200)
| Command      : report_control_sets -verbose -file top_control_sets_placed.rpt
| Design       : top
| Device       : xc7a35t
------------------------------------------------------------------------------------

Control Set Information

Table of Contents
-----------------
1. Summary
2. Histogram
3. Flip-Flop Distribution
4. Detailed Control Set Information

1. Summary
----------

+----------------------------------------------------------+-------+
|                          Status                          | Count |
+----------------------------------------------------------+-------+
| Total control sets                                       |    14 |
|    Minimum number of control sets                        |    14 |
|    Addition due to synthesis replication                 |     0 |
|    Addition due to physical synthesis replication        |     0 |
| Unused register locations in slices containing registers |    78 |
+----------------------------------------------------------+-------+
* Control sets can be merged at opt_design using control_set_merge or merge_equivalent_drivers
** Run report_qor_suggestions for automated merging and remapping suggestions


2. Histogram
------------

+--------------------+-------+
|       Fanout       | Count |
+--------------------+-------+
| Total control sets |    14 |
| >= 0 to < 4        |     5 |
| >= 4 to < 6        |     0 |
| >= 6 to < 8        |     1 |
| >= 8 to < 10       |     2 |
| >= 10 to < 12      |     2 |
| >= 12 to < 14      |     2 |
| >= 14 to < 16      |     0 |
| >= 16              |     2 |
+--------------------+-------+
* Control sets can be remapped at either synth_design or opt_design


3. Flip-Flop Distribution
-------------------------

+--------------+-----------------------+------------------------+-----------------+--------------+
| Clock Enable | Synchronous Set/Reset | Asynchronous Set/Reset | Total Registers | Total Slices |
+--------------+-----------------------+------------------------+-----------------+--------------+
| No           | No                    | No                     |              62 |           39 |
| No           | No                    | Yes                    |               0 |            0 |
| No           | Yes                   | No                     |              38 |           13 |
| Yes          | No                    | No                     |              21 |            9 |
| Yes          | No                    | Yes                    |               0 |            0 |
| Yes          | Yes                   | No                     |               9 |            4 |
+--------------+-----------------------+------------------------+-----------------+--------------+


4. Detailed Control Set Information
-----------------------------------

+-----------------------------------------+---------------------------------+---------------------------------+------------------+----------------+
|               Clock Signal              |          Enable Signal          |         Set/Reset Signal        | Slice Load Count | Bel Load Count |
+-----------------------------------------+---------------------------------+---------------------------------+------------------+----------------+
|  div/tff1/Q                             |                                 |                                 |                1 |              1 |
|  clk_25MHz_BUFG                         | ppu/hvcount/hcounter[9]_i_1_n_0 |                                 |                1 |              1 |
|  sys_clk_IBUF_BUFG                      |                                 |                                 |                1 |              1 |
|  ctrl/clkdiv/CLK                        | ctrl/snes_latch_i_1_n_0         |                                 |                1 |              1 |
|  bumper                                 |                                 |                                 |                1 |              3 |
|  ctrl/clkdiv/CLK                        |                                 |                                 |                3 |              6 |
|  clk_25MHz_BUFG                         | ppu/hvcount/hcounter[9]_i_1_n_0 | ppu/hvcount/vcounter[9]_i_1_n_0 |                4 |              9 |
|  clk_BUFG                               | ctrl/snes_data_reg[5]_0[0]      |                                 |                3 |              9 |
|  clk_25MHz_BUFG                         |                                 | ppu/hvcount/hcounter[9]_i_1_n_0 |                6 |             10 |
|  clk_BUFG                               | ctrl/E[0]                       |                                 |                4 |             10 |
|  clk_BUFG                               |                                 |                                 |                7 |             12 |
| ~ctrl/clkdiv/enable_snes_clk_output_reg |                                 |                                 |                5 |             12 |
|  sys_clk_IBUF_BUFG                      |                                 | ctrl/clkdiv/clear               |                7 |             28 |
|  clk_25MHz_BUFG                         |                                 |                                 |              584 |           2277 |
+-----------------------------------------+---------------------------------+---------------------------------+------------------+----------------+


